TN:
SF:server.js
FN:45,loadCSV
FN:46,(anonymous_1)
FN:75,(anonymous_2)
FN:76,(anonymous_3)
FN:77,(anonymous_4)
FN:85,initializeData
FN:111,(anonymous_6)
FN:114,(anonymous_7)
FN:119,(anonymous_8)
FN:126,(anonymous_9)
FN:134,(anonymous_10)
FN:135,(anonymous_11)
FN:136,(anonymous_12)
FN:145,(anonymous_13)
FN:157,getRandomRecipe
FN:159,(anonymous_15)
FN:216,(anonymous_16)
FNF:17
FNH:12
FNDA:6,loadCSV
FNDA:6,(anonymous_1)
FNDA:0,(anonymous_2)
FNDA:0,(anonymous_3)
FNDA:0,(anonymous_4)
FNDA:1,initializeData
FNDA:0,(anonymous_6)
FNDA:0,(anonymous_7)
FNDA:8,(anonymous_8)
FNDA:4,(anonymous_9)
FNDA:24,(anonymous_10)
FNDA:24,(anonymous_11)
FNDA:24,(anonymous_12)
FNDA:3,(anonymous_13)
FNDA:9,getRandomRecipe
FNDA:54,(anonymous_15)
FNDA:1,(anonymous_16)
DA:2,1
DA:3,1
DA:4,1
DA:5,1
DA:6,1
DA:7,1
DA:9,1
DA:11,1
DA:20,1
DA:42,1
DA:46,6
DA:47,6
DA:56,6
DA:67,6
DA:68,6
DA:69,6
DA:73,0
DA:75,0
DA:76,0
DA:77,0
DA:81,1
DA:82,1
DA:86,1
DA:95,1
DA:96,1
DA:97,6
DA:98,6
DA:99,6
DA:101,1
DA:102,1
DA:104,0
DA:105,0
DA:110,1
DA:111,0
DA:112,0
DA:114,0
DA:119,1
DA:120,8
DA:121,1
DA:123,8
DA:126,1
DA:127,4
DA:128,4
DA:130,4
DA:131,4
DA:132,4
DA:134,24
DA:135,24
DA:136,24
DA:138,4
DA:139,4
DA:140,4
DA:142,4
DA:145,1
DA:146,3
DA:147,3
DA:149,3
DA:150,3
DA:151,3
DA:153,3
DA:154,3
DA:155,3
DA:159,54
DA:162,9
DA:165,9
DA:166,9
DA:173,3
DA:174,3
DA:175,3
DA:177,3
DA:178,3
DA:179,3
DA:195,3
DA:213,3
DA:216,1
DA:217,1
DA:219,1
DA:220,1
DA:221,1
DA:223,1
DA:224,1
DA:225,1
DA:227,1
DA:228,1
DA:229,1
DA:231,1
DA:234,1
LF:87
LH:78
BRDA:67,0,0,6
BRDA:67,0,1,0
BRDA:110,1,0,0
BRDA:110,1,1,1
BRDA:120,2,0,1
BRDA:120,2,1,7
BRDA:120,3,0,8
BRDA:120,3,1,8
BRDA:128,4,0,4
BRDA:128,4,1,0
BRDA:147,5,0,3
BRDA:147,5,1,0
BRF:12
BRH:8
end_of_record
TN:
SF:models/multiArmBandit.js
FN:3,(anonymous_0)
FN:12,(anonymous_1)
FN:20,(anonymous_2)
FN:28,(anonymous_3)
FNF:4
FNH:4
FNDA:5,(anonymous_0)
FNDA:1,(anonymous_1)
FNDA:2,(anonymous_2)
FNDA:2,(anonymous_3)
DA:4,5
DA:5,5
DA:6,5
DA:7,5
DA:8,5
DA:9,5
DA:13,1
DA:14,0
DA:16,1
DA:21,2
DA:22,2
DA:23,2
DA:24,2
DA:25,2
DA:29,2
DA:30,1
DA:35,1
LF:17
LH:16
BRDA:13,0,0,0
BRDA:13,0,1,1
BRDA:29,1,0,1
BRDA:29,1,1,1
BRF:4
BRH:3
end_of_record
