TN:
SF:server.js
FN:14,loadCSV
FN:15,(anonymous_1)
FN:35,(anonymous_2)
FN:36,(anonymous_3)
FN:37,(anonymous_4)
FN:45,initializeData
FN:71,(anonymous_6)
FN:73,(anonymous_7)
FN:78,(anonymous_8)
FN:85,(anonymous_9)
FN:93,(anonymous_10)
FN:94,(anonymous_11)
FN:95,(anonymous_12)
FN:104,(anonymous_13)
FN:116,getRandomRecipe
FN:117,(anonymous_15)
FN:144,(anonymous_16)
FNF:17
FNH:12
FNDA:6,loadCSV
FNDA:6,(anonymous_1)
FNDA:0,(anonymous_2)
FNDA:0,(anonymous_3)
FNDA:0,(anonymous_4)
FNDA:1,initializeData
FNDA:0,(anonymous_6)
FNDA:0,(anonymous_7)
FNDA:8,(anonymous_8)
FNDA:4,(anonymous_9)
FNDA:24,(anonymous_10)
FNDA:24,(anonymous_11)
FNDA:24,(anonymous_12)
FNDA:3,(anonymous_13)
FNDA:9,getRandomRecipe
FNDA:54,(anonymous_15)
FNDA:1,(anonymous_16)
DA:2,1
DA:3,1
DA:4,1
DA:5,1
DA:6,1
DA:7,1
DA:9,1
DA:10,1
DA:11,1
DA:15,6
DA:16,6
DA:17,6
DA:27,6
DA:28,6
DA:29,6
DA:33,0
DA:35,0
DA:36,0
DA:37,0
DA:41,1
DA:42,1
DA:46,1
DA:55,1
DA:56,1
DA:57,6
DA:58,6
DA:59,6
DA:61,1
DA:62,1
DA:64,0
DA:65,0
DA:70,1
DA:71,0
DA:72,0
DA:73,0
DA:78,1
DA:79,8
DA:80,1
DA:82,8
DA:85,1
DA:86,4
DA:87,4
DA:89,4
DA:90,4
DA:91,4
DA:93,24
DA:94,24
DA:95,24
DA:97,4
DA:98,4
DA:99,4
DA:101,4
DA:104,1
DA:105,3
DA:106,3
DA:108,3
DA:109,3
DA:110,3
DA:112,3
DA:113,3
DA:114,3
DA:117,54
DA:118,9
DA:119,9
DA:122,3
DA:123,3
DA:124,3
DA:126,3
DA:141,3
DA:144,1
DA:145,1
DA:147,1
DA:148,1
DA:149,1
DA:151,1
DA:152,1
DA:153,1
DA:155,1
DA:156,1
DA:157,1
DA:159,1
DA:162,1
LF:82
LH:73
BRDA:27,0,0,6
BRDA:27,0,1,0
BRDA:70,1,0,0
BRDA:70,1,1,1
BRDA:79,2,0,1
BRDA:79,2,1,7
BRDA:79,3,0,8
BRDA:79,3,1,8
BRDA:87,4,0,4
BRDA:87,4,1,0
BRDA:106,5,0,3
BRDA:106,5,1,0
BRF:12
BRH:8
end_of_record
TN:
SF:models/multiArmBandit.js
FN:3,(anonymous_0)
FN:12,(anonymous_1)
FN:20,(anonymous_2)
FN:28,(anonymous_3)
FNF:4
FNH:4
FNDA:17,(anonymous_0)
FNDA:10,(anonymous_1)
FNDA:5,(anonymous_2)
FNDA:5,(anonymous_3)
DA:4,17
DA:5,17
DA:6,17
DA:7,17
DA:8,17
DA:9,17
DA:13,10
DA:14,0
DA:16,10
DA:21,5
DA:22,5
DA:23,5
DA:24,5
DA:25,5
DA:29,5
DA:30,4
DA:35,2
LF:17
LH:16
BRDA:13,0,0,0
BRDA:13,0,1,10
BRDA:29,1,0,4
BRDA:29,1,1,1
BRF:4
BRH:3
end_of_record
